<?xml version="1.0" encoding="UTF-8"?>
<!-- Generated by org.testng.reporters.JUnitReportReporter -->
<testsuite skipped="0" hostname="Manishs-MacBook-Pro-2.local" name="com.mobileum.zainsky.qa.testcases.WalkthroughTest" tests="1" failures="0" timestamp="09 May 2018 08:52:58 GMT" time="5.899" errors="0">
  <testcase name="WalkthroughDisplay" time="5.899" classname="com.mobileum.zainsky.qa.testcases.WalkthroughTest"/>
</testsuite> <!-- com.mobileum.zainsky.qa.testcases.WalkthroughTest -->
