<?xml version="1.0" encoding="UTF-8"?>
<!-- Generated by org.testng.reporters.JUnitReportReporter -->
<testsuite skipped="0" hostname="Manishs-MacBook-Pro-2.local" name="com.mobileum.zainsky.qa.testcases.EulaPageTest" tests="2" failures="0" timestamp="09 May 2018 08:49:18 GMT" time="3.291" errors="0">
  <testcase name="EulaTitleTest" time="1.320" classname="com.mobileum.zainsky.qa.testcases.EulaPageTest"/>
  <testcase name="EulaTest" time="1.971" classname="com.mobileum.zainsky.qa.testcases.EulaPageTest"/>
</testsuite> <!-- com.mobileum.zainsky.qa.testcases.EulaPageTest -->
