<?xml version="1.0" encoding="UTF-8"?>
<!-- Generated by org.testng.reporters.JUnitReportReporter -->
<testsuite skipped="0" hostname="Manishs-MacBook-Pro-2.local" name="com.mobileum.zainsky.qa.testcases.NearMeTest" tests="1" failures="0" timestamp="09 May 2018 08:54:31 GMT" time="9.990" errors="0">
  <testcase name="NearMeScreenTest" time="9.990" classname="com.mobileum.zainsky.qa.testcases.NearMeTest"/>
</testsuite> <!-- com.mobileum.zainsky.qa.testcases.NearMeTest -->
